<?xml version="1.0" encoding="UTF-8"?>
<!-- Generated by org.testng.reporters.JUnitReportReporter -->
<testsuite hostname="AlmudenaSantiago" name="process.parser.PedidoDeserializerNGTest" tests="1" failures="0" timestamp="17 Apr 2015 16:03:13 GMT" time="0.002" errors="0">
  <testcase name="testSomeMethod" time="0.002" classname="process.parser.PedidoDeserializerNGTest"/>
</testsuite> <!-- process.parser.PedidoDeserializerNGTest -->
