<?xml version="1.0" encoding="UTF-8"?>
<!-- Generated by org.testng.reporters.JUnitReportReporter -->
<testsuite hostname="gruaspc1" name="process.parser.PedidoDeserializerNGTest" tests="1" failures="0" timestamp="11 Jan 2017 11:19:39 GMT" time="0.000" errors="0">
  <testcase name="testSomeMethod" time="0.000" classname="process.parser.PedidoDeserializerNGTest"/>
</testsuite> <!-- process.parser.PedidoDeserializerNGTest -->
